Determining if the pthread_create exist failed with the following output:
Change Dir: /mnt/f/pbrt/pbrt-v3-build/CMakeFiles/CMakeTmp

Run Build Command:"/usr/bin/make" "cmTC_cad56/fast"
/usr/bin/make -f CMakeFiles/cmTC_cad56.dir/build.make CMakeFiles/cmTC_cad56.dir/build
make[1]: Entering directory '/mnt/f/pbrt/pbrt-v3-build/CMakeFiles/CMakeTmp'
Building C object CMakeFiles/cmTC_cad56.dir/CheckSymbolExists.c.o
/usr/bin/cc    -o CMakeFiles/cmTC_cad56.dir/CheckSymbolExists.c.o   -c /mnt/f/pbrt/pbrt-v3-build/CMakeFiles/CMakeTmp/CheckSymbolExists.c
Linking C executable cmTC_cad56
/usr/bin/cmake -E cmake_link_script CMakeFiles/cmTC_cad56.dir/link.txt --verbose=1
/usr/bin/cc      -rdynamic CMakeFiles/cmTC_cad56.dir/CheckSymbolExists.c.o  -o cmTC_cad56 
CMakeFiles/cmTC_cad56.dir/CheckSymbolExists.c.o: In function `main':
CheckSymbolExists.c:(.text+0x1b): undefined reference to `pthread_create'
collect2: error: ld returned 1 exit status
CMakeFiles/cmTC_cad56.dir/build.make:97: recipe for target 'cmTC_cad56' failed
make[1]: *** [cmTC_cad56] Error 1
make[1]: Leaving directory '/mnt/f/pbrt/pbrt-v3-build/CMakeFiles/CMakeTmp'
Makefile:126: recipe for target 'cmTC_cad56/fast' failed
make: *** [cmTC_cad56/fast] Error 2

File /mnt/f/pbrt/pbrt-v3-build/CMakeFiles/CMakeTmp/CheckSymbolExists.c:
/* */
#include <pthread.h>

int main(int argc, char** argv)
{
  (void)argv;
#ifndef pthread_create
  return ((int*)(&pthread_create))[argc];
#else
  (void)argc;
  return 0;
#endif
}

Determining if the function pthread_create exists in the pthreads failed with the following output:
Change Dir: /mnt/f/pbrt/pbrt-v3-build/CMakeFiles/CMakeTmp

Run Build Command:"/usr/bin/make" "cmTC_44b5e/fast"
/usr/bin/make -f CMakeFiles/cmTC_44b5e.dir/build.make CMakeFiles/cmTC_44b5e.dir/build
make[1]: Entering directory '/mnt/f/pbrt/pbrt-v3-build/CMakeFiles/CMakeTmp'
Building C object CMakeFiles/cmTC_44b5e.dir/CheckFunctionExists.c.o
/usr/bin/cc   -DCHECK_FUNCTION_EXISTS=pthread_create   -o CMakeFiles/cmTC_44b5e.dir/CheckFunctionExists.c.o   -c /usr/share/cmake-3.10/Modules/CheckFunctionExists.c
Linking C executable cmTC_44b5e
/usr/bin/cmake -E cmake_link_script CMakeFiles/cmTC_44b5e.dir/link.txt --verbose=1
/usr/bin/cc  -DCHECK_FUNCTION_EXISTS=pthread_create    -rdynamic CMakeFiles/cmTC_44b5e.dir/CheckFunctionExists.c.o  -o cmTC_44b5e -lpthreads 
/usr/bin/ld: cannot find -lpthreads
collect2: error: ld returned 1 exit status
CMakeFiles/cmTC_44b5e.dir/build.make:97: recipe for target 'cmTC_44b5e' failed
make[1]: *** [cmTC_44b5e] Error 1
make[1]: Leaving directory '/mnt/f/pbrt/pbrt-v3-build/CMakeFiles/CMakeTmp'
Makefile:126: recipe for target 'cmTC_44b5e/fast' failed
make: *** [cmTC_44b5e/fast] Error 2


Performing C++ SOURCE FILE Test HAVE_ITIMER failed with the following output:
Change Dir: /mnt/f/pbrt/pbrt-v3-build/CMakeFiles/CMakeTmp

Run Build Command:"/usr/bin/make" "cmTC_b648b/fast"
/usr/bin/make -f CMakeFiles/cmTC_b648b.dir/build.make CMakeFiles/cmTC_b648b.dir/build
make[1]: Entering directory '/mnt/f/pbrt/pbrt-v3-build/CMakeFiles/CMakeTmp'
Building CXX object CMakeFiles/cmTC_b648b.dir/src.cxx.o
/usr/bin/c++    -std=gnu++11 -Wno-conversion-null -DHAVE_ITIMER   -o CMakeFiles/cmTC_b648b.dir/src.cxx.o -c /mnt/f/pbrt/pbrt-v3-build/CMakeFiles/CMakeTmp/src.cxx
Linking CXX executable cmTC_b648b
/usr/bin/cmake -E cmake_link_script CMakeFiles/cmTC_b648b.dir/link.txt --verbose=1
/usr/bin/c++   -std=gnu++11 -Wno-conversion-null -DHAVE_ITIMER    -rdynamic CMakeFiles/cmTC_b648b.dir/src.cxx.o  -o cmTC_b648b 
make[1]: Leaving directory '/mnt/f/pbrt/pbrt-v3-build/CMakeFiles/CMakeTmp'

Return value: 1
Source file was:

#include <signal.h>
#include <string.h>
#include <sys/time.h>
void ReportProfileSample(int, siginfo_t *, void *) { }
int main() {
    struct sigaction sa;
    memset(&sa, 0, sizeof(sa));
    sa.sa_sigaction = ReportProfileSample;
    sa.sa_flags = SA_RESTART | SA_SIGINFO;
    sigemptyset(&sa.sa_mask);
    sigaction(SIGPROF, &sa, NULL);
    static struct itimerval timer;
    return setitimer(ITIMER_PROF, &timer, NULL) == 0 ? 0 : 1;
}

Performing C++ SOURCE FILE Test HAVE_DECLSPEC_NOINLINE failed with the following output:
Change Dir: /mnt/f/pbrt/pbrt-v3-build/CMakeFiles/CMakeTmp

Run Build Command:"/usr/bin/make" "cmTC_75d23/fast"
/usr/bin/make -f CMakeFiles/cmTC_75d23.dir/build.make CMakeFiles/cmTC_75d23.dir/build
make[1]: Entering directory '/mnt/f/pbrt/pbrt-v3-build/CMakeFiles/CMakeTmp'
Building CXX object CMakeFiles/cmTC_75d23.dir/src.cxx.o
/usr/bin/c++    -std=gnu++11 -Wno-conversion-null -DHAVE_DECLSPEC_NOINLINE   -o CMakeFiles/cmTC_75d23.dir/src.cxx.o -c /mnt/f/pbrt/pbrt-v3-build/CMakeFiles/CMakeTmp/src.cxx
/mnt/f/pbrt/pbrt-v3-build/CMakeFiles/CMakeTmp/src.cxx:1:11: error: expected constructor, destructor, or type conversion before ‘(’ token
 __declspec(noinline) void foo() { }
           ^
CMakeFiles/cmTC_75d23.dir/build.make:65: recipe for target 'CMakeFiles/cmTC_75d23.dir/src.cxx.o' failed
make[1]: *** [CMakeFiles/cmTC_75d23.dir/src.cxx.o] Error 1
make[1]: Leaving directory '/mnt/f/pbrt/pbrt-v3-build/CMakeFiles/CMakeTmp'
Makefile:126: recipe for target 'cmTC_75d23/fast' failed
make: *** [cmTC_75d23/fast] Error 2

Source file was:
__declspec(noinline) void foo() { }
int main() { }
Performing C++ SOURCE FILE Test HAVE__ALIGNED_MALLOC failed with the following output:
Change Dir: /mnt/f/pbrt/pbrt-v3-build/CMakeFiles/CMakeTmp

Run Build Command:"/usr/bin/make" "cmTC_db36b/fast"
/usr/bin/make -f CMakeFiles/cmTC_db36b.dir/build.make CMakeFiles/cmTC_db36b.dir/build
make[1]: Entering directory '/mnt/f/pbrt/pbrt-v3-build/CMakeFiles/CMakeTmp'
Building CXX object CMakeFiles/cmTC_db36b.dir/src.cxx.o
/usr/bin/c++    -std=gnu++11 -Wno-conversion-null -DHAVE__ALIGNED_MALLOC   -o CMakeFiles/cmTC_db36b.dir/src.cxx.o -c /mnt/f/pbrt/pbrt-v3-build/CMakeFiles/CMakeTmp/src.cxx
/mnt/f/pbrt/pbrt-v3-build/CMakeFiles/CMakeTmp/src.cxx: In function ‘int main()’:
/mnt/f/pbrt/pbrt-v3-build/CMakeFiles/CMakeTmp/src.cxx:3:27: error: ‘_aligned_malloc’ was not declared in this scope
 int main() { void * ptr = _aligned_malloc(1024, 32); }
                           ^~~~~~~~~~~~~~~
/mnt/f/pbrt/pbrt-v3-build/CMakeFiles/CMakeTmp/src.cxx:3:27: note: suggested alternative: ‘__builtin_malloc’
 int main() { void * ptr = _aligned_malloc(1024, 32); }
                           ^~~~~~~~~~~~~~~
                           __builtin_malloc
CMakeFiles/cmTC_db36b.dir/build.make:65: recipe for target 'CMakeFiles/cmTC_db36b.dir/src.cxx.o' failed
make[1]: *** [CMakeFiles/cmTC_db36b.dir/src.cxx.o] Error 1
make[1]: Leaving directory '/mnt/f/pbrt/pbrt-v3-build/CMakeFiles/CMakeTmp'
Makefile:126: recipe for target 'cmTC_db36b/fast' failed
make: *** [cmTC_db36b/fast] Error 2

Source file was:

#include <malloc.h>
int main() { void * ptr = _aligned_malloc(1024, 32); }

Performing C++ SOURCE FILE Test HAVE_DECLSPEC_THREAD failed with the following output:
Change Dir: /mnt/f/pbrt/pbrt-v3-build/CMakeFiles/CMakeTmp

Run Build Command:"/usr/bin/make" "cmTC_39646/fast"
/usr/bin/make -f CMakeFiles/cmTC_39646.dir/build.make CMakeFiles/cmTC_39646.dir/build
make[1]: Entering directory '/mnt/f/pbrt/pbrt-v3-build/CMakeFiles/CMakeTmp'
Building CXX object CMakeFiles/cmTC_39646.dir/src.cxx.o
/usr/bin/c++    -std=gnu++11 -Wno-conversion-null -DHAVE_DECLSPEC_THREAD   -o CMakeFiles/cmTC_39646.dir/src.cxx.o -c /mnt/f/pbrt/pbrt-v3-build/CMakeFiles/CMakeTmp/src.cxx
/mnt/f/pbrt/pbrt-v3-build/CMakeFiles/CMakeTmp/src.cxx:2:11: error: expected constructor, destructor, or type conversion before ‘(’ token
 __declspec(thread) int x; int main() { }
           ^
CMakeFiles/cmTC_39646.dir/build.make:65: recipe for target 'CMakeFiles/cmTC_39646.dir/src.cxx.o' failed
make[1]: *** [CMakeFiles/cmTC_39646.dir/src.cxx.o] Error 1
make[1]: Leaving directory '/mnt/f/pbrt/pbrt-v3-build/CMakeFiles/CMakeTmp'
Makefile:126: recipe for target 'cmTC_39646/fast' failed
make: *** [cmTC_39646/fast] Error 2

Source file was:

__declspec(thread) int x; int main() { }

Determining if the include file libunwind.h exists failed with the following output:
Change Dir: /mnt/f/pbrt/pbrt-v3-build/CMakeFiles/CMakeTmp

Run Build Command:"/usr/bin/make" "cmTC_12065/fast"
/usr/bin/make -f CMakeFiles/cmTC_12065.dir/build.make CMakeFiles/cmTC_12065.dir/build
make[1]: Entering directory '/mnt/f/pbrt/pbrt-v3-build/CMakeFiles/CMakeTmp'
Building C object CMakeFiles/cmTC_12065.dir/CheckIncludeFile.c.o
/usr/bin/cc    -o CMakeFiles/cmTC_12065.dir/CheckIncludeFile.c.o   -c /mnt/f/pbrt/pbrt-v3-build/CMakeFiles/CMakeTmp/CheckIncludeFile.c
/mnt/f/pbrt/pbrt-v3-build/CMakeFiles/CMakeTmp/CheckIncludeFile.c:1:10: fatal error: libunwind.h: No such file or directory
 #include <libunwind.h>
          ^~~~~~~~~~~~~
compilation terminated.
CMakeFiles/cmTC_12065.dir/build.make:65: recipe for target 'CMakeFiles/cmTC_12065.dir/CheckIncludeFile.c.o' failed
make[1]: *** [CMakeFiles/cmTC_12065.dir/CheckIncludeFile.c.o] Error 1
make[1]: Leaving directory '/mnt/f/pbrt/pbrt-v3-build/CMakeFiles/CMakeTmp'
Makefile:126: recipe for target 'cmTC_12065/fast' failed
make: *** [cmTC_12065/fast] Error 2


Determining size of unsigned __int16 failed with the following output:
Change Dir: /mnt/f/pbrt/pbrt-v3-build/CMakeFiles/CMakeTmp

Run Build Command:"/usr/bin/make" "cmTC_1a00d/fast"
/usr/bin/make -f CMakeFiles/cmTC_1a00d.dir/build.make CMakeFiles/cmTC_1a00d.dir/build
make[1]: Entering directory '/mnt/f/pbrt/pbrt-v3-build/CMakeFiles/CMakeTmp'
Building C object CMakeFiles/cmTC_1a00d.dir/HAVE___UINT16.c.o
/usr/bin/cc    -o CMakeFiles/cmTC_1a00d.dir/HAVE___UINT16.c.o   -c /mnt/f/pbrt/pbrt-v3-build/CMakeFiles/CheckTypeSize/HAVE___UINT16.c
/mnt/f/pbrt/pbrt-v3-build/CMakeFiles/CheckTypeSize/HAVE___UINT16.c:23:31: error: expected ‘)’ before ‘__int16’
 #define SIZE (sizeof(unsigned __int16))
                               ^
/mnt/f/pbrt/pbrt-v3-build/CMakeFiles/CheckTypeSize/HAVE___UINT16.c:25:12: note: in expansion of macro ‘SIZE’
   ('0' + ((SIZE / 10000)%10)),
            ^~~~
/mnt/f/pbrt/pbrt-v3-build/CMakeFiles/CheckTypeSize/HAVE___UINT16.c:23:31: error: expected ‘)’ before ‘__int16’
 #define SIZE (sizeof(unsigned __int16))
                               ^
/mnt/f/pbrt/pbrt-v3-build/CMakeFiles/CheckTypeSize/HAVE___UINT16.c:26:12: note: in expansion of macro ‘SIZE’
   ('0' + ((SIZE / 1000)%10)),
            ^~~~
/mnt/f/pbrt/pbrt-v3-build/CMakeFiles/CheckTypeSize/HAVE___UINT16.c:23:31: error: expected ‘)’ before ‘__int16’
 #define SIZE (sizeof(unsigned __int16))
                               ^
/mnt/f/pbrt/pbrt-v3-build/CMakeFiles/CheckTypeSize/HAVE___UINT16.c:27:12: note: in expansion of macro ‘SIZE’
   ('0' + ((SIZE / 100)%10)),
            ^~~~
/mnt/f/pbrt/pbrt-v3-build/CMakeFiles/CheckTypeSize/HAVE___UINT16.c:23:31: error: expected ‘)’ before ‘__int16’
 #define SIZE (sizeof(unsigned __int16))
                               ^
/mnt/f/pbrt/pbrt-v3-build/CMakeFiles/CheckTypeSize/HAVE___UINT16.c:28:12: note: in expansion of macro ‘SIZE’
   ('0' + ((SIZE / 10)%10)),
            ^~~~
/mnt/f/pbrt/pbrt-v3-build/CMakeFiles/CheckTypeSize/HAVE___UINT16.c:23:31: error: expected ‘)’ before ‘__int16’
 #define SIZE (sizeof(unsigned __int16))
                               ^
/mnt/f/pbrt/pbrt-v3-build/CMakeFiles/CheckTypeSize/HAVE___UINT16.c:29:12: note: in expansion of macro ‘SIZE’
   ('0' +  (SIZE    % 10)),
            ^~~~
CMakeFiles/cmTC_1a00d.dir/build.make:65: recipe for target 'CMakeFiles/cmTC_1a00d.dir/HAVE___UINT16.c.o' failed
make[1]: *** [CMakeFiles/cmTC_1a00d.dir/HAVE___UINT16.c.o] Error 1
make[1]: Leaving directory '/mnt/f/pbrt/pbrt-v3-build/CMakeFiles/CMakeTmp'
Makefile:126: recipe for target 'cmTC_1a00d/fast' failed
make: *** [cmTC_1a00d/fast] Error 2

/mnt/f/pbrt/pbrt-v3-build/CMakeFiles/CheckTypeSize/HAVE___UINT16.c:
#include <sys/types.h>
#include <stdint.h>
#include <stddef.h>


#undef KEY
#if defined(__i386)
# define KEY '_','_','i','3','8','6'
#elif defined(__x86_64)
# define KEY '_','_','x','8','6','_','6','4'
#elif defined(__ppc__)
# define KEY '_','_','p','p','c','_','_'
#elif defined(__ppc64__)
# define KEY '_','_','p','p','c','6','4','_','_'
#elif defined(__aarch64__)
# define KEY '_','_','a','a','r','c','h','6','4','_','_'
#elif defined(__ARM_ARCH_7A__)
# define KEY '_','_','A','R','M','_','A','R','C','H','_','7','A','_','_'
#elif defined(__ARM_ARCH_7S__)
# define KEY '_','_','A','R','M','_','A','R','C','H','_','7','S','_','_'
#endif

#define SIZE (sizeof(unsigned __int16))
char info_size[] =  {'I', 'N', 'F', 'O', ':', 's','i','z','e','[',
  ('0' + ((SIZE / 10000)%10)),
  ('0' + ((SIZE / 1000)%10)),
  ('0' + ((SIZE / 100)%10)),
  ('0' + ((SIZE / 10)%10)),
  ('0' +  (SIZE    % 10)),
  ']',
#ifdef KEY
  ' ','k','e','y','[', KEY, ']',
#endif
  '\0'};

#ifdef __CLASSIC_C__
int main(argc, argv) int argc; char *argv[];
#else
int main(int argc, char *argv[])
#endif
{
  int require = 0;
  require += info_size[argc];
  (void)argv;
  return require;
}


Determining if the function dladdr exists failed with the following output:
Change Dir: /mnt/f/pbrt/pbrt-v3-build/CMakeFiles/CMakeTmp

Run Build Command:"/usr/bin/make" "cmTC_f72c4/fast"
/usr/bin/make -f CMakeFiles/cmTC_f72c4.dir/build.make CMakeFiles/cmTC_f72c4.dir/build
make[1]: Entering directory '/mnt/f/pbrt/pbrt-v3-build/CMakeFiles/CMakeTmp'
Building C object CMakeFiles/cmTC_f72c4.dir/CheckFunctionExists.c.o
/usr/bin/cc   -DCHECK_FUNCTION_EXISTS=dladdr   -o CMakeFiles/cmTC_f72c4.dir/CheckFunctionExists.c.o   -c /usr/share/cmake-3.10/Modules/CheckFunctionExists.c
Linking C executable cmTC_f72c4
/usr/bin/cmake -E cmake_link_script CMakeFiles/cmTC_f72c4.dir/link.txt --verbose=1
/usr/bin/cc  -DCHECK_FUNCTION_EXISTS=dladdr    -rdynamic CMakeFiles/cmTC_f72c4.dir/CheckFunctionExists.c.o  -o cmTC_f72c4 
CMakeFiles/cmTC_f72c4.dir/CheckFunctionExists.c.o: In function `main':
CheckFunctionExists.c:(.text+0x10): undefined reference to `dladdr'
collect2: error: ld returned 1 exit status
CMakeFiles/cmTC_f72c4.dir/build.make:97: recipe for target 'cmTC_f72c4' failed
make[1]: *** [cmTC_f72c4] Error 1
make[1]: Leaving directory '/mnt/f/pbrt/pbrt-v3-build/CMakeFiles/CMakeTmp'
Makefile:126: recipe for target 'cmTC_f72c4/fast' failed
make: *** [cmTC_f72c4/fast] Error 2


Determining if the function get_static_proc_name exists in the unwind failed with the following output:
Change Dir: /mnt/f/pbrt/pbrt-v3-build/CMakeFiles/CMakeTmp

Run Build Command:"/usr/bin/make" "cmTC_6c420/fast"
/usr/bin/make -f CMakeFiles/cmTC_6c420.dir/build.make CMakeFiles/cmTC_6c420.dir/build
make[1]: Entering directory '/mnt/f/pbrt/pbrt-v3-build/CMakeFiles/CMakeTmp'
Building C object CMakeFiles/cmTC_6c420.dir/CheckFunctionExists.c.o
/usr/bin/cc   -DCHECK_FUNCTION_EXISTS=get_static_proc_name   -o CMakeFiles/cmTC_6c420.dir/CheckFunctionExists.c.o   -c /usr/share/cmake-3.10/Modules/CheckFunctionExists.c
Linking C executable cmTC_6c420
/usr/bin/cmake -E cmake_link_script CMakeFiles/cmTC_6c420.dir/link.txt --verbose=1
/usr/bin/cc  -DCHECK_FUNCTION_EXISTS=get_static_proc_name    -rdynamic CMakeFiles/cmTC_6c420.dir/CheckFunctionExists.c.o  -o cmTC_6c420 -lunwind 
/usr/bin/ld: cannot find -lunwind
collect2: error: ld returned 1 exit status
CMakeFiles/cmTC_6c420.dir/build.make:97: recipe for target 'cmTC_6c420' failed
make[1]: *** [cmTC_6c420] Error 1
make[1]: Leaving directory '/mnt/f/pbrt/pbrt-v3-build/CMakeFiles/CMakeTmp'
Makefile:126: recipe for target 'cmTC_6c420/fast' failed
make: *** [cmTC_6c420/fast] Error 2


Performing C SOURCE FILE Test HAVE_RWLOCK failed with the following output:
Change Dir: /mnt/f/pbrt/pbrt-v3-build/CMakeFiles/CMakeTmp

Run Build Command:"/usr/bin/make" "cmTC_f7d74/fast"
/usr/bin/make -f CMakeFiles/cmTC_f7d74.dir/build.make CMakeFiles/cmTC_f7d74.dir/build
make[1]: Entering directory '/mnt/f/pbrt/pbrt-v3-build/CMakeFiles/CMakeTmp'
Building C object CMakeFiles/cmTC_f7d74.dir/src.c.o
/usr/bin/cc   -DHAVE_RWLOCK   -o CMakeFiles/cmTC_f7d74.dir/src.c.o   -c /mnt/f/pbrt/pbrt-v3-build/CMakeFiles/CMakeTmp/src.c
Linking C executable cmTC_f7d74
/usr/bin/cmake -E cmake_link_script CMakeFiles/cmTC_f7d74.dir/link.txt --verbose=1
/usr/bin/cc  -DHAVE_RWLOCK    -rdynamic CMakeFiles/cmTC_f7d74.dir/src.c.o  -o cmTC_f7d74 
CMakeFiles/cmTC_f7d74.dir/src.c.o: In function `main':
src.c:(.text+0x24): undefined reference to `pthread_rwlock_init'
src.c:(.text+0x30): undefined reference to `pthread_rwlock_rdlock'
collect2: error: ld returned 1 exit status
CMakeFiles/cmTC_f7d74.dir/build.make:97: recipe for target 'cmTC_f7d74' failed
make[1]: *** [cmTC_f7d74] Error 1
make[1]: Leaving directory '/mnt/f/pbrt/pbrt-v3-build/CMakeFiles/CMakeTmp'
Makefile:126: recipe for target 'cmTC_f7d74/fast' failed
make: *** [cmTC_f7d74/fast] Error 2

Source file was:

#define _XOPEN_SOURCE 500
#include <pthread.h>
int main(void)
{
  pthread_rwlock_t l;
  pthread_rwlock_init(&l, NULL);
  pthread_rwlock_rdlock(&l);
  return 0;
}

Performing C SOURCE FILE Test HAVE___DECLSPEC failed with the following output:
Change Dir: /mnt/f/pbrt/pbrt-v3-build/CMakeFiles/CMakeTmp

Run Build Command:"/usr/bin/make" "cmTC_34f48/fast"
/usr/bin/make -f CMakeFiles/cmTC_34f48.dir/build.make CMakeFiles/cmTC_34f48.dir/build
make[1]: Entering directory '/mnt/f/pbrt/pbrt-v3-build/CMakeFiles/CMakeTmp'
Building C object CMakeFiles/cmTC_34f48.dir/src.c.o
/usr/bin/cc   -DHAVE___DECLSPEC   -o CMakeFiles/cmTC_34f48.dir/src.c.o   -c /mnt/f/pbrt/pbrt-v3-build/CMakeFiles/CMakeTmp/src.c
/mnt/f/pbrt/pbrt-v3-build/CMakeFiles/CMakeTmp/src.c:2:1: warning: return type defaults to ‘int’ [-Wimplicit-int]
 __declspec(selectany) int a;
 ^~~~~~~~~~
/mnt/f/pbrt/pbrt-v3-build/CMakeFiles/CMakeTmp/src.c: In function ‘__declspec’:
/mnt/f/pbrt/pbrt-v3-build/CMakeFiles/CMakeTmp/src.c:3:16: error: expected ‘=’, ‘,’, ‘;’, ‘asm’ or ‘__attribute__’ before ‘{’ token
 int main(void) { return 0; }
                ^
/mnt/f/pbrt/pbrt-v3-build/CMakeFiles/CMakeTmp/src.c:2:1: warning: type of ‘selectany’ defaults to ‘int’ [-Wimplicit-int]
 __declspec(selectany) int a;
 ^~~~~~~~~~
/mnt/f/pbrt/pbrt-v3-build/CMakeFiles/CMakeTmp/src.c:2:27: error: declaration for parameter ‘a’ but no such parameter
 __declspec(selectany) int a;
                           ^
/mnt/f/pbrt/pbrt-v3-build/CMakeFiles/CMakeTmp/src.c:3:16: error: expected ‘{’ at end of input
 int main(void) { return 0; }
                ^
CMakeFiles/cmTC_34f48.dir/build.make:65: recipe for target 'CMakeFiles/cmTC_34f48.dir/src.c.o' failed
make[1]: *** [CMakeFiles/cmTC_34f48.dir/src.c.o] Error 1
make[1]: Leaving directory '/mnt/f/pbrt/pbrt-v3-build/CMakeFiles/CMakeTmp'
Makefile:126: recipe for target 'cmTC_34f48/fast' failed
make: *** [cmTC_34f48/fast] Error 2

Source file was:

__declspec(selectany) int a;
int main(void) { return 0; }

Performing C++ SOURCE FILE Test STL_NO_NAMESPACE failed with the following output:
Change Dir: /mnt/f/pbrt/pbrt-v3-build/CMakeFiles/CMakeTmp

Run Build Command:"/usr/bin/make" "cmTC_8afab/fast"
/usr/bin/make -f CMakeFiles/cmTC_8afab.dir/build.make CMakeFiles/cmTC_8afab.dir/build
make[1]: Entering directory '/mnt/f/pbrt/pbrt-v3-build/CMakeFiles/CMakeTmp'
Building CXX object CMakeFiles/cmTC_8afab.dir/src.cxx.o
/usr/bin/c++    -std=gnu++11 -Wno-conversion-null -DSTL_NO_NAMESPACE   -o CMakeFiles/cmTC_8afab.dir/src.cxx.o -c /mnt/f/pbrt/pbrt-v3-build/CMakeFiles/CMakeTmp/src.cxx
/mnt/f/pbrt/pbrt-v3-build/CMakeFiles/CMakeTmp/src.cxx:3:1: error: ‘vector’ does not name a type
 vector<int> t; int main() { }
 ^~~~~~
CMakeFiles/cmTC_8afab.dir/build.make:65: recipe for target 'CMakeFiles/cmTC_8afab.dir/src.cxx.o' failed
make[1]: *** [CMakeFiles/cmTC_8afab.dir/src.cxx.o] Error 1
make[1]: Leaving directory '/mnt/f/pbrt/pbrt-v3-build/CMakeFiles/CMakeTmp'
Makefile:126: recipe for target 'cmTC_8afab/fast' failed
make: *** [cmTC_8afab/fast] Error 2

Source file was:

#include <vector>
vector<int> t; int main() { }

